<?xml version="1.0" encoding="UTF-8" ?>
<testsuite tests="1" failures="0" name="com.danny.AppTest" time="6.545" errors="1" skipped="0">
    <properties>
        <property name="java.runtime.name" value="Java(TM) SE Runtime Environment"/>
        <property name="sun.boot.library.path" value="C:\Program Files\Java\jdk1.8.0_101\jre\bin"/>
        <property name="java.vm.version" value="25.101-b13"/>
        <property name="java.vm.vendor" value="Oracle Corporation"/>
        <property name="maven.multiModuleProjectDirectory"
                  value="C:\Users\Danish\Desktop\Downloads\Eclipse_EE_Workspace\Sum_SOAP_WS_Client"/>
        <property name="java.vendor.url" value="http://java.oracle.com/"/>
        <property name="path.separator" value=";"/>
        <property name="guice.disable.misplaced.annotation.check" value="true"/>
        <property name="java.vm.name" value="Java HotSpot(TM) 64-Bit Server VM"/>
        <property name="file.encoding.pkg" value="sun.io"/>
        <property name="user.script" value=""/>
        <property name="user.country" value="US"/>
        <property name="sun.java.launcher" value="SUN_STANDARD"/>
        <property name="sun.os.patch.level" value=""/>
        <property name="java.vm.specification.name" value="Java Virtual Machine Specification"/>
        <property name="user.dir" value="C:\Users\Danish\Desktop\Downloads\Eclipse_EE_Workspace\Sum_SOAP_WS_Client"/>
        <property name="java.runtime.version" value="1.8.0_101-b13"/>
        <property name="java.awt.graphicsenv" value="sun.awt.Win32GraphicsEnvironment"/>
        <property name="java.endorsed.dirs" value="C:\Program Files\Java\jdk1.8.0_101\jre\lib\endorsed"/>
        <property name="os.arch" value="amd64"/>
        <property name="java.io.tmpdir" value="C:\Users\Danish\AppData\Local\Temp\"/>
        <property name="line.separator" value="
"/>
        <property name="java.vm.specification.vendor" value="Oracle Corporation"/>
        <property name="user.variant" value=""/>
        <property name="os.name" value="Windows 10"/>
        <property name="classworlds.conf"
                  value="C:\Program Files\JetBrains\IntelliJ IDEA 2019.1\plugins\maven\lib\maven3\bin\m2.conf"/>
        <property name="sun.jnu.encoding" value="Cp1252"/>
        <property name="java.library.path"
                  value="C:\Program Files\Java\jdk1.8.0_101\bin;C:\WINDOWS\Sun\Java\bin;C:\WINDOWS\system32;C:\WINDOWS;C:\Program Files (x86)\Common Files\Oracle\Java\javapath;C:\Program Files (x86)\Common Files\Intel\Shared Files\cpp\bin\Intel64;C:\ProgramData\Oracle\Java\javapath;C:\Program Files (x86)\Intel\iCLS Client\;C:\Program Files\Intel\iCLS Client\;C:\WINDOWS\system32;C:\WINDOWS;C:\WINDOWS\System32\Wbem;C:\WINDOWS\System32\WindowsPowerShell\v1.0\;C:\Program Files (x86)\Intel\Intel(R) Management Engine Components\DAL;C:\Program Files\Intel\Intel(R) Management Engine Components\DAL;C:\Program Files (x86)\Intel\Intel(R) Management Engine Components\IPT;C:\Program Files\Intel\Intel(R) Management Engine Components\IPT;C:\Program Files (x86)\Heroku\bin;C:\Program Files (x86)\git\cmd;C:\Program Files (x86)\Git\cmd;C:\Program Files\nodejs\;C:\Users\Danish\AppData\Local\Android\sdk1\tools;C:\Program Files\Java\jre1.8.0_111\bin;C:\Users\Danish\AppData\Local\Android\sdk1\platform-tools;C:\Users\Danish\AppData\Local\Android\sdk1\tools;C:\xampp\php;C:\ProgramData\ComposerSetup\bin;C:\Program Files\PuTTY\;C:\Program Files\Java\jdk1.8.0_101\bin;C:\WINDOWS\System32\OpenSSH\;C:\Gradle\gradle-4.8\bin;C:\apache-maven-3.5.3\bin;C:\Program Files\Microsoft SQL Server\Client SDK\ODBC\130\Tools\Binn\;C:\Program Files (x86)\Microsoft SQL Server\140\Tools\Binn\;C:\Program Files\Microsoft SQL Server\140\Tools\Binn\;C:\Program Files\Microsoft SQL Server\140\DTS\Binn\;C:\Program Files (x86)\Microsoft SQL Server\Client SDK\ODBC\130\Tools\Binn\;C:\Program Files (x86)\Microsoft SQL Server\140\DTS\Binn\;C:\Program Files (x86)\Microsoft SQL Server\140\Tools\Binn\ManagementStudio\;C:\Program Files\Amazon\AWSCLI\bin\;C:\Program Files (x86)\Git\usr\bin;C:\Program Files\WSO2\Identity Server\5.7.0\\bin;C:\Python36\Scripts\;C:\Python36\;C:\Users\Danish\AppData\Local\Microsoft\WindowsApps;C:\Users\Danish\AppData\Roaming\npm;C:\Program Files (x86)\Microsoft VS Code\bin;C:\Users\Danish\AppData\Roaming\Composer\vendor\bin;;."/>
        <property name="java.specification.name" value="Java Platform API Specification"/>
        <property name="java.class.version" value="52.0"/>
        <property name="sun.management.compiler" value="HotSpot 64-Bit Tiered Compilers"/>
        <property name="os.version" value="10.0"/>
        <property name="user.home" value="C:\Users\Danish"/>
        <property name="user.timezone" value="Asia/Karachi"/>
        <property name="java.awt.printerjob" value="sun.awt.windows.WPrinterJob"/>
        <property name="java.specification.version" value="1.8"/>
        <property name="file.encoding" value="UTF-8"/>
        <property name="user.name" value="Danish"/>
        <property name="java.class.path"
                  value="C:\Program Files\JetBrains\IntelliJ IDEA 2019.1\plugins\maven\lib\maven3\boot\plexus-classworlds-2.5.2.jar;C:\Program Files\JetBrains\IntelliJ IDEA 2019.1\lib\idea_rt.jar"/>
        <property name="java.vm.specification.version" value="1.8"/>
        <property name="sun.arch.data.model" value="64"/>
        <property name="java.home" value="C:\Program Files\Java\jdk1.8.0_101\jre"/>
        <property name="sun.java.command"
                  value="org.codehaus.classworlds.Launcher -Didea.version2019.1.2 clean install"/>
        <property name="java.specification.vendor" value="Oracle Corporation"/>
        <property name="user.language" value="en"/>
        <property name="awt.toolkit" value="sun.awt.windows.WToolkit"/>
        <property name="java.vm.info" value="mixed mode"/>
        <property name="idea.version2019.1.2" value="true"/>
        <property name="java.version" value="1.8.0_101"/>
        <property name="org.apache.cxf.JDKBugHacks.defaultUsesCaches" value="true"/>
        <property name="java.ext.dirs"
                  value="C:\Program Files\Java\jdk1.8.0_101\jre\lib\ext;C:\WINDOWS\Sun\Java\lib\ext"/>
        <property name="sun.boot.class.path"
                  value="C:\Program Files\Java\jdk1.8.0_101\jre\lib\resources.jar;C:\Program Files\Java\jdk1.8.0_101\jre\lib\rt.jar;C:\Program Files\Java\jdk1.8.0_101\jre\lib\sunrsasign.jar;C:\Program Files\Java\jdk1.8.0_101\jre\lib\jsse.jar;C:\Program Files\Java\jdk1.8.0_101\jre\lib\jce.jar;C:\Program Files\Java\jdk1.8.0_101\jre\lib\charsets.jar;C:\Program Files\Java\jdk1.8.0_101\jre\lib\jfr.jar;C:\Program Files\Java\jdk1.8.0_101\jre\classes"/>
        <property name="java.vendor" value="Oracle Corporation"/>
        <property name="maven.home" value="C:\Program Files\JetBrains\IntelliJ IDEA 2019.1\plugins\maven\lib\maven3"/>
        <property name="file.separator" value="\"/>
        <property name="java.vendor.url.bug" value="http://bugreport.sun.com/bugreport/"/>
        <property name="sun.cpu.endian" value="little"/>
        <property name="sun.io.unicode.encoding" value="UnicodeLittle"/>
        <property name="sun.desktop" value="windows"/>
        <property name="sun.cpu.isalist" value="amd64"/>
    </properties>
    <testcase classname="com.danny.AppTest" name="calculateSumShouldReturnAValidResult" time="6.545">
        <error message="Security processing failed." type="javax.xml.ws.soap.SOAPFaultException">
            javax.xml.ws.soap.SOAPFaultException: Security processing failed.
            at org.apache.cxf.jaxws.JaxWsClientProxy.mapException(JaxWsClientProxy.java:195)
            at org.apache.cxf.jaxws.JaxWsClientProxy.invoke(JaxWsClientProxy.java:145)
            at com.sun.proxy.$Proxy35.calculateSum(Unknown Source)
            at com.danny.AppTest.calculateSumShouldReturnAValidResult(AppTest.java:61)
            at sun.reflect.NativeMethodAccessorImpl.invoke0(Native Method)
            at sun.reflect.NativeMethodAccessorImpl.invoke(NativeMethodAccessorImpl.java:62)
            at sun.reflect.DelegatingMethodAccessorImpl.invoke(DelegatingMethodAccessorImpl.java:43)
            at java.lang.reflect.Method.invoke(Method.java:498)
            at org.junit.runners.model.FrameworkMethod$1.runReflectiveCall(FrameworkMethod.java:50)
            at org.junit.internal.runners.model.ReflectiveCallable.run(ReflectiveCallable.java:12)
            at org.junit.runners.model.FrameworkMethod.invokeExplosively(FrameworkMethod.java:47)
            at org.junit.internal.runners.statements.InvokeMethod.evaluate(InvokeMethod.java:17)
            at org.junit.runners.ParentRunner.runLeaf(ParentRunner.java:325)
            at org.junit.runners.BlockJUnit4ClassRunner.runChild(BlockJUnit4ClassRunner.java:78)
            at org.junit.runners.BlockJUnit4ClassRunner.runChild(BlockJUnit4ClassRunner.java:57)
            at org.junit.runners.ParentRunner$3.run(ParentRunner.java:290)
            at org.junit.runners.ParentRunner$1.schedule(ParentRunner.java:71)
            at org.junit.runners.ParentRunner.runChildren(ParentRunner.java:288)
            at org.junit.runners.ParentRunner.access$000(ParentRunner.java:58)
            at org.junit.runners.ParentRunner$2.evaluate(ParentRunner.java:268)
            at org.junit.runners.ParentRunner.run(ParentRunner.java:363)
            at org.apache.maven.surefire.junit4.JUnit4Provider.execute(JUnit4Provider.java:252)
            at org.apache.maven.surefire.junit4.JUnit4Provider.executeTestSet(JUnit4Provider.java:141)
            at org.apache.maven.surefire.junit4.JUnit4Provider.invoke(JUnit4Provider.java:112)
            at sun.reflect.NativeMethodAccessorImpl.invoke0(Native Method)
            at sun.reflect.NativeMethodAccessorImpl.invoke(NativeMethodAccessorImpl.java:62)
            at sun.reflect.DelegatingMethodAccessorImpl.invoke(DelegatingMethodAccessorImpl.java:43)
            at java.lang.reflect.Method.invoke(Method.java:498)
            at org.apache.maven.surefire.util.ReflectionUtils.invokeMethodWithArray(ReflectionUtils.java:189)
            at org.apache.maven.surefire.booter.ProviderFactory$ProviderProxy.invoke(ProviderFactory.java:165)
            at org.apache.maven.surefire.booter.ProviderFactory.invokeProvider(ProviderFactory.java:85)
            at org.apache.maven.surefire.booter.ForkedBooter.runSuitesInProcess(ForkedBooter.java:115)
            at org.apache.maven.surefire.booter.ForkedBooter.main(ForkedBooter.java:75)
            Caused by: org.apache.cxf.binding.soap.SoapFault: Security processing failed.
            at
            org.apache.cxf.binding.soap.interceptor.Soap11FaultInInterceptor.unmarshalFault(Soap11FaultInInterceptor.java:87)
            at
            org.apache.cxf.binding.soap.interceptor.Soap11FaultInInterceptor.handleMessage(Soap11FaultInInterceptor.java:53)
            at
            org.apache.cxf.binding.soap.interceptor.Soap11FaultInInterceptor.handleMessage(Soap11FaultInInterceptor.java:42)
            at org.apache.cxf.phase.PhaseInterceptorChain.doIntercept(PhaseInterceptorChain.java:308)
            at
            org.apache.cxf.interceptor.AbstractFaultChainInitiatorObserver.onMessage(AbstractFaultChainInitiatorObserver.java:112)
            at
            org.apache.cxf.binding.soap.interceptor.CheckFaultInterceptor.handleMessage(CheckFaultInterceptor.java:70)
            at
            org.apache.cxf.binding.soap.interceptor.CheckFaultInterceptor.handleMessage(CheckFaultInterceptor.java:35)
            at org.apache.cxf.phase.PhaseInterceptorChain.doIntercept(PhaseInterceptorChain.java:308)
            at org.apache.cxf.endpoint.ClientImpl.onMessage(ClientImpl.java:826)
            at
            org.apache.cxf.transport.http.HTTPConduit$WrappedOutputStream.handleResponseInternal(HTTPConduit.java:1693)
            at org.apache.cxf.transport.http.HTTPConduit$WrappedOutputStream.handleResponse(HTTPConduit.java:1570)
            at org.apache.cxf.transport.http.HTTPConduit$WrappedOutputStream.close(HTTPConduit.java:1371)
            at org.apache.cxf.transport.AbstractConduit.close(AbstractConduit.java:56)
            at org.apache.cxf.transport.http.HTTPConduit.close(HTTPConduit.java:671)
            at
            org.apache.cxf.interceptor.MessageSenderInterceptor$MessageSenderEndingInterceptor.handleMessage(MessageSenderInterceptor.java:63)
            at org.apache.cxf.phase.PhaseInterceptorChain.doIntercept(PhaseInterceptorChain.java:308)
            at org.apache.cxf.endpoint.ClientImpl.doInvoke(ClientImpl.java:531)
            at org.apache.cxf.endpoint.ClientImpl.invoke(ClientImpl.java:440)
            at org.apache.cxf.endpoint.ClientImpl.invoke(ClientImpl.java:355)
            at org.apache.cxf.endpoint.ClientImpl.invoke(ClientImpl.java:313)
            at org.apache.cxf.frontend.ClientProxy.invokeSync(ClientProxy.java:96)
            at org.apache.cxf.jaxws.JaxWsClientProxy.invoke(JaxWsClientProxy.java:140)
            ... 31 more
        </error>
        <system-err>May 21, 2019 7:52:06 PM org.apache.cxf.wsdl.service.factory.ReflectionServiceFactoryBean
            buildServiceFromWSDL
            INFO: Creating Service {http://sumws.danny.com/}SumWSService from WSDL:
            http://localhost:8080/Sum_SOAP_WS_war/services/sumService?wsdl
            SLF4J: Failed to load class &quot;org.slf4j.impl.StaticLoggerBinder&quot;.
            SLF4J: Defaulting to no-operation (NOP) logger implementation
            SLF4J: See http://www.slf4j.org/codes.html#StaticLoggerBinder for further details.
            May 21, 2019 7:52:11 PM org.apache.cxf.ws.security.wss4j.WSS4JInInterceptor handleMessageInternal
            WARNING: The request is a SOAP Fault, but it is not secured
        </system-err>
    </testcase>
</testsuite>